#
# There is insufficient memory for the Java Runtime Environment to continue.
# Native memory allocation (malloc) failed to allocate 1048576 bytes for AllocateHeap
# Possible reasons:
#   The system is out of physical RAM or swap space
#   The process is running with CompressedOops enabled, and the Java Heap may be blocking the growth of the native heap
# Possible solutions:
#   Reduce memory load on the system
#   Increase physical memory or swap space
#   Check if swap backing store is full
#   Decrease Java heap size (-Xmx/-Xms)
#   Decrease number of Java threads
#   Decrease Java thread stack sizes (-Xss)
#   Set larger code cache with -XX:ReservedCodeCacheSize=
#   JVM is running with Zero Based Compressed Oops mode in which the Java heap is
#     placed in the first 32GB address space. The Java Heap base address is the
#     maximum limit for the native heap growth. Please use -XX:HeapBaseMinAddress
#     to set the Java Heap base and to place the Java Heap above 32GB virtual address.
# This output file may be truncated or incomplete.
#
#  Out of Memory Error (allocation.cpp:44), pid=19344, tid=3196
#
# JRE version: Java(TM) SE Runtime Environment (21.0.5+9) (build 21.0.5+9-LTS-239)
# Java VM: Java HotSpot(TM) 64-Bit Server VM (21.0.5+9-LTS-239, mixed mode, emulated-client, sharing, tiered, compressed oops, compressed class ptrs, g1 gc, windows-amd64)
# No core dump will be written. Minidumps are not enabled by default on client versions of Windows
#

---------------  S U M M A R Y ------------

Command Line: -XX:TieredStopAtLevel=1 -Dspring.output.ansi.enabled=always -Dcom.sun.management.jmxremote -Dspring.jmx.enabled=true -Dspring.liveBeansView.mbeanDomain -Dspring.application.admin.enabled=true -Dmanagement.endpoints.jmx.exposure.include=* -javaagent:C:\Program Files\JetBrains\IntelliJ IDEA 2024.3.1.1\lib\idea_rt.jar=49235:C:\Program Files\JetBrains\IntelliJ IDEA 2024.3.1.1\bin -Dfile.encoding=UTF-8 -Dsun.stdout.encoding=UTF-8 -Dsun.stderr.encoding=UTF-8 com.example.demo_store.DemoStoreApplication

Host: Intel(R) Core(TM) i7-8750H CPU @ 2.20GHz, 12 cores, 15G,  Windows 11 , 64 bit Build 26100 (10.0.26100.4768)
Time: Thu Aug  7 10:15:42 2025 SE Asia Standard Time elapsed time: 8730.397683 seconds (0d 2h 25m 30s)

---------------  T H R E A D  ---------------

Current thread (0x00000197dfda0730):  VMThread "VM Thread"          [id=3196, stack(0x00000022ba700000,0x00000022ba800000) (1024K)]

Stack: [0x00000022ba700000,0x00000022ba800000]
Native frames: (J=compiled Java code, j=interpreted, Vv=VM code, C=native code)
V  [jvm.dll+0x6ca289]
V  [jvm.dll+0x854a51]
V  [jvm.dll+0x856f7e]
V  [jvm.dll+0x857653]
V  [jvm.dll+0x27dd26]
V  [jvm.dll+0xbf7d7]
V  [jvm.dll+0x343f52]
V  [jvm.dll+0x33e99e]
V  [jvm.dll+0x327418]
V  [jvm.dll+0x36a274]
V  [jvm.dll+0x85d420]
V  [jvm.dll+0x85e7a4]
V  [jvm.dll+0x85ece0]
V  [jvm.dll+0x85ef83]
V  [jvm.dll+0x7fee9b]
V  [jvm.dll+0x6c896d]
C  [ucrtbase.dll+0x37b0]
C  [KERNEL32.DLL+0x2e8d7]
C  [ntdll.dll+0x3c34c]

VM_Operation (0x00000022b9dff170): G1CollectFull, mode: safepoint, requested by thread 0x00000197e48b1e60


---------------  P R O C E S S  ---------------

Threads class SMR info:
_java_thread_list=0x00000197e6a23230, length=16, elements={
0x00000197dfdc1fc0, 0x00000197dfdc4a20, 0x00000197dfdccd20, 0x00000197dfdcb970,
0x00000197dfdcc690, 0x00000197dfdc98a0, 0x00000197dfdd35a0, 0x00000197dfdc9f30,
0x00000197dfdcac50, 0x00000197dfdcc000, 0x00000197e48b38a0, 0x00000197e48b8df0,
0x00000197e48b73b0, 0x00000197e7ef6810, 0x00000197e7ef1950, 0x00000197e48b1e60
}

Java Threads: ( => current thread )
  0x00000197dfdc1fc0 JavaThread "Reference Handler"          daemon [_thread_blocked, id=3468, stack(0x00000022ba800000,0x00000022ba900000) (1024K)]
  0x00000197dfdc4a20 JavaThread "Finalizer"                  daemon [_thread_blocked, id=22552, stack(0x00000022ba900000,0x00000022baa00000) (1024K)]
  0x00000197dfdccd20 JavaThread "Signal Dispatcher"          daemon [_thread_blocked, id=5248, stack(0x00000022baa00000,0x00000022bab00000) (1024K)]
  0x00000197dfdcb970 JavaThread "Attach Listener"            daemon [_thread_blocked, id=15840, stack(0x00000022bab00000,0x00000022bac00000) (1024K)]
  0x00000197dfdcc690 JavaThread "Service Thread"             daemon [_thread_blocked, id=22612, stack(0x00000022bac00000,0x00000022bad00000) (1024K)]
  0x00000197dfdc98a0 JavaThread "Monitor Deflation Thread"   daemon [_thread_blocked, id=4172, stack(0x00000022bad00000,0x00000022bae00000) (1024K)]
  0x00000197dfdd35a0 JavaThread "C1 CompilerThread0"         daemon [_thread_blocked, id=22752, stack(0x00000022bae00000,0x00000022baf00000) (1024K)]
  0x00000197dfdc9f30 JavaThread "Common-Cleaner"             daemon [_thread_blocked, id=4232, stack(0x00000022baf00000,0x00000022bb000000) (1024K)]
  0x00000197dfdcac50 JavaThread "Notification Thread"        daemon [_thread_blocked, id=4804, stack(0x00000022bb400000,0x00000022bb500000) (1024K)]
  0x00000197dfdcc000 JavaThread "RMI TCP Accept-0"           daemon [_thread_in_native, id=2300, stack(0x00000022bb500000,0x00000022bb600000) (1024K)]
  0x00000197e48b38a0 JavaThread "RMI Scheduler(0)"           daemon [_thread_blocked, id=22960, stack(0x00000022bb900000,0x00000022bba00000) (1024K)]
  0x00000197e48b8df0 JavaThread "mysql-cj-abandoned-connection-cleanup" daemon [_thread_blocked, id=22456, stack(0x00000022bca00000,0x00000022bcb00000) (1024K)]
  0x00000197e48b73b0 JavaThread "Live Reload Server"         daemon [_thread_in_native, id=23628, stack(0x00000022bcd00000,0x00000022bce00000) (1024K)]
  0x00000197e7ef6810 JavaThread "DestroyJavaVM"                     [_thread_blocked, id=4856, stack(0x00000022ba000000,0x00000022ba100000) (1024K)]
  0x00000197e7ef1950 JavaThread "File Watcher"               daemon [_thread_blocked, id=13372, stack(0x00000022b9f00000,0x00000022ba000000) (1024K)]
  0x00000197e48b1e60 JavaThread "Thread-7"                          [_thread_blocked, id=17480, stack(0x00000022b9d00000,0x00000022b9e00000) (1024K)]
Total: 16

Other Threads:
=>0x00000197dfda0730 VMThread "VM Thread"                           [id=3196, stack(0x00000022ba700000,0x00000022ba800000) (1024K)]
  0x00000197dfd8bb50 WatcherThread "VM Periodic Task Thread"        [id=12868, stack(0x00000022ba600000,0x00000022ba700000) (1024K)]
  0x00000197ccac5330 WorkerThread "GC Thread#0"                     [id=16540, stack(0x00000022ba100000,0x00000022ba200000) (1024K)]
  0x00000197e492baa0 WorkerThread "GC Thread#1"                     [id=14432, stack(0x00000022bba00000,0x00000022bbb00000) (1024K)]
  0x00000197e492be40 WorkerThread "GC Thread#2"                     [id=24052, stack(0x00000022bbb00000,0x00000022bbc00000) (1024K)]
  0x00000197e4948df0 WorkerThread "GC Thread#3"                     [id=22412, stack(0x00000022bbc00000,0x00000022bbd00000) (1024K)]
  0x00000197e4949bc0 WorkerThread "GC Thread#4"                     [id=2584, stack(0x00000022bbd00000,0x00000022bbe00000) (1024K)]
  0x00000197e494e380 WorkerThread "GC Thread#5"                     [id=10804, stack(0x00000022bbe00000,0x00000022bbf00000) (1024K)]
  0x00000197e497e4c0 WorkerThread "GC Thread#6"                     [id=1340, stack(0x00000022bbf00000,0x00000022bc000000) (1024K)]
  0x00000197e497e860 WorkerThread "GC Thread#7"                     [id=21932, stack(0x00000022bc000000,0x00000022bc100000) (1024K)]
  0x00000197e497ec00 WorkerThread "GC Thread#8"                     [id=23972, stack(0x00000022bc100000,0x00000022bc200000) (1024K)]
  0x00000197e52e6e90 WorkerThread "GC Thread#9"                     [id=6964, stack(0x00000022bc400000,0x00000022bc500000) (1024K)]
  0x00000197ccad6ff0 ConcurrentGCThread "G1 Main Marker"            [id=4248, stack(0x00000022ba200000,0x00000022ba300000) (1024K)]
  0x00000197ccad7a00 WorkerThread "G1 Conc#0"                       [id=2356, stack(0x00000022ba300000,0x00000022ba400000) (1024K)]
  0x00000197e52e58d0 WorkerThread "G1 Conc#1"                       [id=12416, stack(0x00000022bc500000,0x00000022bc600000) (1024K)]
  0x00000197e52e63b0 WorkerThread "G1 Conc#2"                       [id=21692, stack(0x00000022bc600000,0x00000022bc700000) (1024K)]
  0x00000197dfc5c6a0 ConcurrentGCThread "G1 Refine#0"               [id=20924, stack(0x00000022ba400000,0x00000022ba500000) (1024K)]
  0x00000197dfc5eb50 ConcurrentGCThread "G1 Service"                [id=12816, stack(0x00000022ba500000,0x00000022ba600000) (1024K)]
Total: 18

Threads with active compile tasks:
Total: 0

VM state: at safepoint (normal execution)

VM Mutex/Monitor currently owned by a thread:  ([mutex/lock_event])
[0x00007ffa5d86be98] Threads_lock - owner thread: 0x00000197dfda0730
[0x00007ffa5d86bf98] Heap_lock - owner thread: 0x00000197e48b1e60

Heap address: 0x0000000702400000, size: 4060 MB, Compressed Oops mode: Zero based, Oop shift amount: 3

CDS archive(s) mapped at: [0x0000019780000000-0x0000019780c90000-0x0000019780c90000), size 13172736, SharedBaseAddress: 0x0000019780000000, ArchiveRelocationMode: 1.
Compressed class space mapped at: 0x0000019781000000-0x00000197c1000000, reserved size: 1073741824
Narrow klass base: 0x0000019780000000, Narrow klass shift: 0, Narrow klass range: 0x100000000

GC Precious Log:
 CardTable entry size: 512
 Card Set container configuration: InlinePtr #cards 4 size 8 Array Of Cards #cards 16 size 48 Howl #buckets 8 coarsen threshold 3686 Howl Bitmap #cards 512 size 80 coarsen threshold 460 Card regions per heap region 1 cards per card region 4096
 CPUs: 12 total, 12 available
 Memory: 16234M
 Large Page Support: Disabled
 NUMA Support: Disabled
 Compressed Oops: Enabled (Zero based)
 Heap Region Size: 2M
 Heap Min Capacity: 8M
 Heap Initial Capacity: 254M
 Heap Max Capacity: 4060M
 Pre-touch: Disabled
 Parallel Workers: 10
 Concurrent Workers: 3
 Concurrent Refinement Workers: 10
 Periodic GC: Disabled

Heap:
 garbage-first heap   total 104448K, used 81726K [0x0000000702400000, 0x0000000800000000)
  region size 2048K, 19 young (38912K), 2 survivors (4096K)
 Metaspace       used 79638K, committed 80576K, reserved 1179648K
  class space    used 11431K, committed 11840K, reserved 1048576K

Heap Regions: E=young(eden), S=young(survivor), O=old, HS=humongous(starts), HC=humongous(continues), CS=collection set, F=free, TAMS=top-at-mark-start, PB=parsable bottom
|   0|0x0000000702400000, 0x0000000702600000, 0x0000000702600000|100%| O|  |TAMS 0x0000000702400000| PB 0x0000000702400000| Untracked 
|   1|0x0000000702600000, 0x0000000702800000, 0x0000000702800000|100%| O|  |TAMS 0x0000000702600000| PB 0x0000000702600000| Untracked 
|   2|0x0000000702800000, 0x00000007029fffe0, 0x0000000702a00000| 99%| O|  |TAMS 0x0000000702800000| PB 0x0000000702800000| Untracked 
|   3|0x0000000702a00000, 0x0000000702bfffe0, 0x0000000702c00000| 99%| O|  |TAMS 0x0000000702a00000| PB 0x0000000702a00000| Untracked 
|   4|0x0000000702c00000, 0x0000000702dffff0, 0x0000000702e00000| 99%| O|  |TAMS 0x0000000702c00000| PB 0x0000000702c00000| Untracked 
|   5|0x0000000702e00000, 0x0000000702ffffd0, 0x0000000703000000| 99%| O|  |TAMS 0x0000000702e00000| PB 0x0000000702e00000| Untracked 
|   6|0x0000000703000000, 0x00000007031ffff8, 0x0000000703200000| 99%| O|  |TAMS 0x0000000703000000| PB 0x0000000703000000| Untracked 
|   7|0x0000000703200000, 0x00000007033fffe8, 0x0000000703400000| 99%| O|  |TAMS 0x0000000703200000| PB 0x0000000703200000| Untracked 
|   8|0x0000000703400000, 0x00000007035fffe8, 0x0000000703600000| 99%| O|  |TAMS 0x0000000703400000| PB 0x0000000703400000| Untracked 
|   9|0x0000000703600000, 0x00000007037ffff8, 0x0000000703800000| 99%| O|  |TAMS 0x0000000703600000| PB 0x0000000703600000| Untracked 
|  10|0x0000000703800000, 0x00000007039ffff8, 0x0000000703a00000| 99%| O|  |TAMS 0x0000000703800000| PB 0x0000000703800000| Untracked 
|  11|0x0000000703a00000, 0x0000000703bfff78, 0x0000000703c00000| 99%| O|  |TAMS 0x0000000703a00000| PB 0x0000000703a00000| Untracked 
|  12|0x0000000703c00000, 0x0000000703e00000, 0x0000000703e00000|100%| O|  |TAMS 0x0000000703c00000| PB 0x0000000703c00000| Untracked 
|  13|0x0000000703e00000, 0x0000000704000000, 0x0000000704000000|100%| O|  |TAMS 0x0000000703e00000| PB 0x0000000703e00000| Untracked 
|  14|0x0000000704000000, 0x0000000704200000, 0x0000000704200000|100%| O|  |TAMS 0x0000000704000000| PB 0x0000000704000000| Untracked 
|  15|0x0000000704200000, 0x0000000704400000, 0x0000000704400000|100%| O|  |TAMS 0x0000000704200000| PB 0x0000000704200000| Untracked 
|  16|0x0000000704400000, 0x0000000704600000, 0x0000000704600000|100%| O|  |TAMS 0x0000000704400000| PB 0x0000000704400000| Untracked 
|  17|0x0000000704600000, 0x0000000704800000, 0x0000000704800000|100%| O|  |TAMS 0x0000000704600000| PB 0x0000000704600000| Untracked 
|  18|0x0000000704800000, 0x0000000704a00000, 0x0000000704a00000|100%| O|  |TAMS 0x0000000704800000| PB 0x0000000704800000| Untracked 
|  19|0x0000000704a00000, 0x0000000704a00000, 0x0000000704c00000|  0%| F|  |TAMS 0x0000000704a00000| PB 0x0000000704a00000| Untracked 
|  20|0x0000000704c00000, 0x0000000704e00000, 0x0000000704e00000|100%| O|  |TAMS 0x0000000704c00000| PB 0x0000000704c00000| Untracked 
|  21|0x0000000704e00000, 0x0000000705000000, 0x0000000705000000|100%| O|  |TAMS 0x0000000704e00000| PB 0x0000000704e00000| Untracked 
|  22|0x0000000705000000, 0x00000007051d8a80, 0x0000000705200000| 92%| O|  |TAMS 0x0000000705000000| PB 0x0000000705000000| Untracked 
|  23|0x0000000705200000, 0x0000000705200000, 0x0000000705400000|  0%| F|  |TAMS 0x0000000705200000| PB 0x0000000705200000| Untracked 
|  24|0x0000000705400000, 0x0000000705400000, 0x0000000705600000|  0%| F|  |TAMS 0x0000000705400000| PB 0x0000000705400000| Untracked 
|  25|0x0000000705600000, 0x00000007057f6f00, 0x0000000705800000| 98%| S|CS|TAMS 0x0000000705600000| PB 0x0000000705600000| Complete 
|  26|0x0000000705800000, 0x0000000705a00000, 0x0000000705a00000|100%| S|CS|TAMS 0x0000000705800000| PB 0x0000000705800000| Complete 
|  27|0x0000000705a00000, 0x0000000705a00000, 0x0000000705c00000|  0%| F|  |TAMS 0x0000000705a00000| PB 0x0000000705a00000| Untracked 
|  28|0x0000000705c00000, 0x0000000705c00000, 0x0000000705e00000|  0%| F|  |TAMS 0x0000000705c00000| PB 0x0000000705c00000| Untracked 
|  29|0x0000000705e00000, 0x0000000705e00000, 0x0000000706000000|  0%| F|  |TAMS 0x0000000705e00000| PB 0x0000000705e00000| Untracked 
|  30|0x0000000706000000, 0x0000000706000000, 0x0000000706200000|  0%| F|  |TAMS 0x0000000706000000| PB 0x0000000706000000| Untracked 
|  31|0x0000000706200000, 0x0000000706200000, 0x0000000706400000|  0%| F|  |TAMS 0x0000000706200000| PB 0x0000000706200000| Untracked 
|  32|0x0000000706400000, 0x0000000706400000, 0x0000000706600000|  0%| F|  |TAMS 0x0000000706400000| PB 0x0000000706400000| Untracked 
|  33|0x0000000706600000, 0x0000000706600000, 0x0000000706800000|  0%| F|  |TAMS 0x0000000706600000| PB 0x0000000706600000| Untracked 
|  34|0x0000000706800000, 0x00000007068fa448, 0x0000000706a00000| 48%| E|  |TAMS 0x0000000706800000| PB 0x0000000706800000| Complete 
|  35|0x0000000706a00000, 0x0000000706c00000, 0x0000000706c00000|100%| E|CS|TAMS 0x0000000706a00000| PB 0x0000000706a00000| Complete 
|  36|0x0000000706c00000, 0x0000000706e00000, 0x0000000706e00000|100%| E|CS|TAMS 0x0000000706c00000| PB 0x0000000706c00000| Complete 
|  37|0x0000000706e00000, 0x0000000707000000, 0x0000000707000000|100%| E|CS|TAMS 0x0000000706e00000| PB 0x0000000706e00000| Complete 
|  38|0x0000000707000000, 0x0000000707200000, 0x0000000707200000|100%| E|CS|TAMS 0x0000000707000000| PB 0x0000000707000000| Complete 
|  39|0x0000000707200000, 0x0000000707400000, 0x0000000707400000|100%| E|CS|TAMS 0x0000000707200000| PB 0x0000000707200000| Complete 
|  40|0x0000000707400000, 0x0000000707600000, 0x0000000707600000|100%| E|CS|TAMS 0x0000000707400000| PB 0x0000000707400000| Complete 
|  41|0x0000000707600000, 0x0000000707800000, 0x0000000707800000|100%| E|CS|TAMS 0x0000000707600000| PB 0x0000000707600000| Complete 
|  42|0x0000000707800000, 0x0000000707a00000, 0x0000000707a00000|100%| E|CS|TAMS 0x0000000707800000| PB 0x0000000707800000| Complete 
|  43|0x0000000707a00000, 0x0000000707c00000, 0x0000000707c00000|100%| E|CS|TAMS 0x0000000707a00000| PB 0x0000000707a00000| Complete 
|  44|0x0000000707c00000, 0x0000000707e00000, 0x0000000707e00000|100%| E|CS|TAMS 0x0000000707c00000| PB 0x0000000707c00000| Complete 
|  45|0x0000000707e00000, 0x0000000708000000, 0x0000000708000000|100%| E|CS|TAMS 0x0000000707e00000| PB 0x0000000707e00000| Complete 
|  46|0x0000000708000000, 0x0000000708200000, 0x0000000708200000|100%| E|CS|TAMS 0x0000000708000000| PB 0x0000000708000000| Complete 
| 100|0x000000070ec00000, 0x000000070ee00000, 0x000000070ee00000|100%| E|CS|TAMS 0x000000070ec00000| PB 0x000000070ec00000| Complete 
| 101|0x000000070ee00000, 0x000000070f000000, 0x000000070f000000|100%| E|CS|TAMS 0x000000070ee00000| PB 0x000000070ee00000| Complete 
| 102|0x000000070f000000, 0x000000070f200000, 0x000000070f200000|100%| E|CS|TAMS 0x000000070f000000| PB 0x000000070f000000| Complete 
| 126|0x0000000712000000, 0x0000000712200000, 0x0000000712200000|100%| E|CS|TAMS 0x0000000712000000| PB 0x0000000712000000| Complete 

Card table byte_map: [0x00000197d89f0000,0x00000197d91e0000] _byte_map_base: 0x00000197d51de000

Marking Bits: (CMBitMap*) 0x00000197ccac5940
 Bits: [0x00000197d91e0000, 0x00000197dd150000)

Polling page: 0x00000197ca910000

Metaspace:

Usage:
  Non-class:     66.61 MB used.
      Class:     11.16 MB used.
       Both:     77.77 MB used.

Virtual space:
  Non-class space:      128.00 MB reserved,      67.12 MB ( 52%) committed,  2 nodes.
      Class space:        1.00 GB reserved,      11.56 MB (  1%) committed,  1 nodes.
             Both:        1.12 GB reserved,      78.69 MB (  7%) committed. 

Chunk freelists:
   Non-Class:  12.46 MB
       Class:  4.32 MB
        Both:  16.79 MB

MaxMetaspaceSize: unlimited
CompressedClassSpaceSize: 1.00 GB
Initial GC threshold: 21.00 MB
Current GC threshold: 130.00 MB
CDS: on
 - commit_granule_bytes: 65536.
 - commit_granule_words: 8192.
 - virtual_space_node_default_size: 8388608.
 - enlarge_chunks_in_place: 1.
 - use_allocation_guard: 0.


Internal statistics:

num_allocs_failed_limit: 6.
num_arena_births: 2176.
num_arena_deaths: 808.
num_vsnodes_births: 3.
num_vsnodes_deaths: 0.
num_space_committed: 1259.
num_space_uncommitted: 0.
num_chunks_returned_to_freelist: 978.
num_chunks_taken_from_freelist: 5752.
num_chunk_merges: 216.
num_chunk_splits: 3528.
num_chunks_enlarged: 2520.
num_inconsistent_stats: 0.

CodeCache: size=49152Kb used=14655Kb max_used=17624Kb free=34497Kb
 bounds [0x00000197d4ed0000, 0x00000197d6010000, 0x00000197d7ed0000]
 total_blobs=8882 nmethods=8157 adapters=648
 compilation: enabled
              stopped_count=0, restarted_count=0
 full_count=0

Compilation events (20 events):
Event: 8729.347 Thread 0x00000197dfdd35a0 15644       1       javax.management.ObjectName::getDomain (13 bytes)
Event: 8729.347 Thread 0x00000197dfdd35a0 nmethod 15644 0x00000197d5872b90 code [0x00000197d5872d20, 0x00000197d5872e28]
Event: 8729.347 Thread 0x00000197dfdd35a0 15645       1       org.springframework.beans.factory.support.DefaultListableBeanFactory::clearByTypeCache (19 bytes)
Event: 8729.348 Thread 0x00000197dfdd35a0 nmethod 15645 0x00000197d588bf90 code [0x00000197d588c140, 0x00000197d588c278]
Event: 8729.348 Thread 0x00000197dfdd35a0 15646   !   1       org.hibernate.internal.util.collections.BoundedConcurrentHashMap$Segment::clear (60 bytes)
Event: 8729.349 Thread 0x00000197dfdd35a0 nmethod 15646 0x00000197d5646f90 code [0x00000197d56471a0, 0x00000197d56475a8]
Event: 8729.349 Thread 0x00000197dfdd35a0 15647   !   1       java.util.concurrent.ThreadPoolExecutor::tryTerminate (177 bytes)
Event: 8729.350 Thread 0x00000197dfdd35a0 nmethod 15647 0x00000197d5508290 code [0x00000197d5508620, 0x00000197d55093d0]
Event: 8729.350 Thread 0x00000197dfdd35a0 15648       1       java.time.temporal.TemporalQueries::chronology (4 bytes)
Event: 8729.350 Thread 0x00000197dfdd35a0 nmethod 15648 0x00000197d5987010 code [0x00000197d59871a0, 0x00000197d5987250]
Event: 8729.351 Thread 0x00000197dfdd35a0 15649       1       java.time.LocalDate::getLong (46 bytes)
Event: 8729.351 Thread 0x00000197dfdd35a0 nmethod 15649 0x00000197d5646610 code [0x00000197d56467e0, 0x00000197d5646a30]
Event: 8729.351 Thread 0x00000197dfdd35a0 15650       1       java.time.LocalDate::get0 (261 bytes)
Event: 8729.351 Thread 0x00000197dfdd35a0 nmethod 15650 0x00000197d523f410 code [0x00000197d523f700, 0x00000197d523ffc8]
Event: 8729.357 Thread 0x00000197dfdd35a0 15651       1       org.apache.catalina.session.ManagerBase$SessionTiming::<init> (15 bytes)
Event: 8729.357 Thread 0x00000197dfdd35a0 nmethod 15651 0x00000197d598b790 code [0x00000197d598b920, 0x00000197d598b9f0]
Event: 8729.357 Thread 0x00000197dfdd35a0 15652       1       java.util.LinkedList::poll (19 bytes)
Event: 8729.358 Thread 0x00000197dfdd35a0 nmethod 15652 0x00000197d5999990 code [0x00000197d5999b20, 0x00000197d5999c28]
Event: 8729.358 Thread 0x00000197dfdd35a0 15653       1       java.util.LinkedList::unlinkFirst (64 bytes)
Event: 8729.358 Thread 0x00000197dfdd35a0 nmethod 15653 0x00000197d5962810 code [0x00000197d59629a0, 0x00000197d5962bd8]

GC Heap History (20 events):
Event: 8699.968 GC heap after
{Heap after GC invocations=56 (full 1):
 garbage-first heap   total 79872K, used 28083K [0x0000000702400000, 0x0000000800000000)
  region size 2048K, 0 young (0K), 0 survivors (0K)
 Metaspace       used 77600K, committed 78464K, reserved 1179648K
  class space    used 11153K, committed 11520K, reserved 1048576K
}
Event: 8700.875 GC heap before
{Heap before GC invocations=56 (full 1):
 garbage-first heap   total 79872K, used 69043K [0x0000000702400000, 0x0000000800000000)
  region size 2048K, 21 young (43008K), 0 survivors (0K)
 Metaspace       used 77711K, committed 78528K, reserved 1179648K
  class space    used 11181K, committed 11520K, reserved 1048576K
}
Event: 8700.879 GC heap after
{Heap after GC invocations=57 (full 1):
 garbage-first heap   total 79872K, used 32384K [0x0000000702400000, 0x0000000800000000)
  region size 2048K, 3 young (6144K), 3 survivors (6144K)
 Metaspace       used 77711K, committed 78528K, reserved 1179648K
  class space    used 11181K, committed 11520K, reserved 1048576K
}
Event: 8701.287 GC heap before
{Heap before GC invocations=58 (full 1):
 garbage-first heap   total 79872K, used 63104K [0x0000000702400000, 0x0000000800000000)
  region size 2048K, 18 young (36864K), 3 survivors (6144K)
 Metaspace       used 77891K, committed 78720K, reserved 1179648K
  class space    used 11212K, committed 11584K, reserved 1048576K
}
Event: 8701.291 GC heap after
{Heap after GC invocations=59 (full 1):
 garbage-first heap   total 79872K, used 35385K [0x0000000702400000, 0x0000000800000000)
  region size 2048K, 2 young (4096K), 2 survivors (4096K)
 Metaspace       used 77891K, committed 78720K, reserved 1179648K
  class space    used 11212K, committed 11584K, reserved 1048576K
}
Event: 8701.791 GC heap before
{Heap before GC invocations=59 (full 1):
 garbage-first heap   total 79872K, used 64057K [0x0000000702400000, 0x0000000800000000)
  region size 2048K, 17 young (34816K), 2 survivors (4096K)
 Metaspace       used 78191K, committed 79040K, reserved 1179648K
  class space    used 11252K, committed 11648K, reserved 1048576K
}
Event: 8701.795 GC heap after
{Heap after GC invocations=60 (full 1):
 garbage-first heap   total 79872K, used 38605K [0x0000000702400000, 0x0000000800000000)
  region size 2048K, 3 young (6144K), 3 survivors (6144K)
 Metaspace       used 78191K, committed 79040K, reserved 1179648K
  class space    used 11252K, committed 11648K, reserved 1048576K
}
Event: 8703.634 GC heap before
{Heap before GC invocations=60 (full 1):
 garbage-first heap   total 79872K, used 65229K [0x0000000702400000, 0x0000000800000000)
  region size 2048K, 16 young (32768K), 3 survivors (6144K)
 Metaspace       used 78702K, committed 79552K, reserved 1179648K
  class space    used 11326K, committed 11712K, reserved 1048576K
}
Event: 8703.638 GC heap after
{Heap after GC invocations=61 (full 1):
 garbage-first heap   total 79872K, used 40995K [0x0000000702400000, 0x0000000800000000)
  region size 2048K, 2 young (4096K), 2 survivors (4096K)
 Metaspace       used 78702K, committed 79552K, reserved 1179648K
  class space    used 11326K, committed 11712K, reserved 1048576K
}
Event: 8703.876 GC heap before
{Heap before GC invocations=62 (full 1):
 garbage-first heap   total 79872K, used 67619K [0x0000000702400000, 0x0000000800000000)
  region size 2048K, 15 young (30720K), 2 survivors (4096K)
 Metaspace       used 78704K, committed 79552K, reserved 1179648K
  class space    used 11327K, committed 11712K, reserved 1048576K
}
Event: 8703.879 GC heap after
{Heap after GC invocations=63 (full 1):
 garbage-first heap   total 79872K, used 42243K [0x0000000702400000, 0x0000000800000000)
  region size 2048K, 2 young (4096K), 2 survivors (4096K)
 Metaspace       used 78704K, committed 79552K, reserved 1179648K
  class space    used 11327K, committed 11712K, reserved 1048576K
}
Event: 8704.139 GC heap before
{Heap before GC invocations=63 (full 1):
 garbage-first heap   total 79872K, used 66819K [0x0000000702400000, 0x0000000800000000)
  region size 2048K, 14 young (28672K), 2 survivors (4096K)
 Metaspace       used 78826K, committed 79680K, reserved 1179648K
  class space    used 11340K, committed 11712K, reserved 1048576K
}
Event: 8704.142 GC heap after
{Heap after GC invocations=64 (full 1):
 garbage-first heap   total 79872K, used 43782K [0x0000000702400000, 0x0000000800000000)
  region size 2048K, 1 young (2048K), 1 survivors (2048K)
 Metaspace       used 78826K, committed 79680K, reserved 1179648K
  class space    used 11340K, committed 11712K, reserved 1048576K
}
Event: 8704.467 GC heap before
{Heap before GC invocations=64 (full 1):
 garbage-first heap   total 79872K, used 70406K [0x0000000702400000, 0x0000000800000000)
  region size 2048K, 14 young (28672K), 1 survivors (2048K)
 Metaspace       used 78988K, committed 79808K, reserved 1179648K
  class space    used 11354K, committed 11712K, reserved 1048576K
}
Event: 8704.469 GC heap after
{Heap after GC invocations=65 (full 1):
 garbage-first heap   total 79872K, used 45562K [0x0000000702400000, 0x0000000800000000)
  region size 2048K, 2 young (4096K), 2 survivors (4096K)
 Metaspace       used 78988K, committed 79808K, reserved 1179648K
  class space    used 11354K, committed 11712K, reserved 1048576K
}
Event: 8704.683 GC heap before
{Heap before GC invocations=66 (full 1):
 garbage-first heap   total 86016K, used 68090K [0x0000000702400000, 0x0000000800000000)
  region size 2048K, 13 young (26624K), 2 survivors (4096K)
 Metaspace       used 79277K, committed 80128K, reserved 1179648K
  class space    used 11378K, committed 11776K, reserved 1048576K
}
Event: 8704.686 GC heap after
{Heap after GC invocations=67 (full 1):
 garbage-first heap   total 86016K, used 47072K [0x0000000702400000, 0x0000000800000000)
  region size 2048K, 2 young (4096K), 2 survivors (4096K)
 Metaspace       used 79277K, committed 80128K, reserved 1179648K
  class space    used 11378K, committed 11776K, reserved 1048576K
}
Event: 8705.038 GC heap before
{Heap before GC invocations=67 (full 1):
 garbage-first heap   total 86016K, used 73696K [0x0000000702400000, 0x0000000800000000)
  region size 2048K, 15 young (30720K), 2 survivors (4096K)
 Metaspace       used 79387K, committed 80320K, reserved 1179648K
  class space    used 11400K, committed 11840K, reserved 1048576K
}
Event: 8705.042 GC heap after
{Heap after GC invocations=68 (full 1):
 garbage-first heap   total 104448K, used 48958K [0x0000000702400000, 0x0000000800000000)
  region size 2048K, 2 young (4096K), 2 survivors (4096K)
 Metaspace       used 79387K, committed 80320K, reserved 1179648K
  class space    used 11400K, committed 11840K, reserved 1048576K
}
Event: 8729.360 GC heap before
{Heap before GC invocations=68 (full 1):
 garbage-first heap   total 104448K, used 81726K [0x0000000702400000, 0x0000000800000000)
  region size 2048K, 19 young (38912K), 2 survivors (4096K)
 Metaspace       used 79638K, committed 80576K, reserved 1179648K
  class space    used 11431K, committed 11840K, reserved 1048576K
}

Dll operation events (13 events):
Event: 0.044 Loaded shared library C:\Program Files\Java\jdk-21\bin\java.dll
Event: 0.373 Loaded shared library C:\Program Files\Java\jdk-21\bin\zip.dll
Event: 0.380 Loaded shared library C:\Program Files\Java\jdk-21\bin\instrument.dll
Event: 0.389 Loaded shared library C:\Program Files\Java\jdk-21\bin\net.dll
Event: 0.396 Loaded shared library C:\Program Files\Java\jdk-21\bin\nio.dll
Event: 0.402 Loaded shared library C:\Program Files\Java\jdk-21\bin\zip.dll
Event: 1.084 Loaded shared library C:\Program Files\Java\jdk-21\bin\jimage.dll
Event: 2.352 Loaded shared library C:\Program Files\JetBrains\IntelliJ IDEA 2024.3.1.1\bin\breakgen64.dll
Event: 2.380 Loaded shared library C:\Program Files\Java\jdk-21\bin\extnet.dll
Event: 2.392 Loaded shared library C:\Program Files\Java\jdk-21\bin\management.dll
Event: 2.422 Loaded shared library C:\Program Files\Java\jdk-21\bin\management_ext.dll
Event: 5.932 Loaded shared library C:\Program Files\Java\jdk-21\bin\sunmscapi.dll
Event: 17.700 Loaded shared library C:\Program Files\Java\jdk-21\bin\verify.dll

Deoptimization events (8 events):
Event: 15.099 Thread 0x00000197e48b3210 DEOPT PACKING pc=0x00000197d57f483c sp=0x00000022bc3fb790
Event: 15.100 Thread 0x00000197e48b3210 DEOPT UNPACKING pc=0x00000197d4f24e42 sp=0x00000022bc3fad38 mode 0
Event: 15.100 Thread 0x00000197e48b3210 DEOPT PACKING pc=0x00000197d5782314 sp=0x00000022bc3fb990
Event: 15.100 Thread 0x00000197e48b3210 DEOPT UNPACKING pc=0x00000197d4f24e42 sp=0x00000022bc3fae50 mode 0
Event: 210.304 Thread 0x00000197e48b52e0 DEOPT PACKING pc=0x00000197d59a453c sp=0x00000022bb7feba0
Event: 210.304 Thread 0x00000197e48b52e0 DEOPT UNPACKING pc=0x00000197d4f24e42 sp=0x00000022bb7fe038 mode 0
Event: 8200.553 Thread 0x00000197e7ef1950 DEOPT PACKING pc=0x00000197d4fe1db0 sp=0x00000022bd2fb4b0
Event: 8200.553 Thread 0x00000197e7ef1950 DEOPT UNPACKING pc=0x00000197d4f24e42 sp=0x00000022bd2faa60 mode 3

Classes loaded (20 events):
Event: 8699.898 Loading class java/io/FileOutputStream$1
Event: 8699.898 Loading class java/io/FileOutputStream$1 done
Event: 8699.968 Loading class java/lang/ref/Finalizer$2
Event: 8699.977 Loading class java/lang/ref/Finalizer$2 done
Event: 8699.977 Loading class java/lang/ref/Finalizer$1
Event: 8699.977 Loading class java/lang/ref/Finalizer$1 done
Event: 8701.280 Loading class java/io/InvalidClassException
Event: 8701.280 Loading class java/io/InvalidClassException done
Event: 8701.975 Loading class sun/util/resources/LocaleData$CommonResourceBundleProvider
Event: 8701.976 Loading class sun/util/resources/LocaleData$LocaleDataResourceBundleProvider
Event: 8701.976 Loading class java/util/spi/ResourceBundleProvider
Event: 8701.976 Loading class java/util/spi/ResourceBundleProvider done
Event: 8701.976 Loading class sun/util/resources/LocaleData$LocaleDataResourceBundleProvider done
Event: 8701.976 Loading class sun/util/resources/LocaleData$CommonResourceBundleProvider done
Event: 8701.976 Loading class java/util/ArrayList$SubList$1
Event: 8701.976 Loading class java/util/ArrayList$SubList$1 done
Event: 8701.976 Loading class sun/util/resources/Bundles$2
Event: 8701.976 Loading class sun/util/resources/Bundles$2 done
Event: 8704.663 Loading class java/time/DurationEditor
Event: 8704.663 Loading class java/time/DurationEditor done

Classes unloaded (20 events):
Event: 8700.901 Thread 0x00000197dfda0730 Unloading class 0x0000019781314800 'jdk/internal/reflect/GeneratedSerializationConstructorAccessor50'
Event: 8700.901 Thread 0x00000197dfda0730 Unloading class 0x0000019781400000 'jdk/internal/reflect/GeneratedSerializationConstructorAccessor49'
Event: 8700.901 Thread 0x00000197dfda0730 Unloading class 0x0000019781449800 'java/lang/invoke/LambdaForm$MH+0x0000019781449800'
Event: 8700.901 Thread 0x00000197dfda0730 Unloading class 0x0000019781468800 'java/lang/invoke/LambdaForm$MH+0x0000019781468800'
Event: 8700.901 Thread 0x00000197dfda0730 Unloading class 0x00000197814a8000 'java/lang/invoke/LambdaForm$MH+0x00000197814a8000'
Event: 8700.901 Thread 0x00000197dfda0730 Unloading class 0x00000197814b0400 'java/lang/invoke/LambdaForm$MH+0x00000197814b0400'
Event: 8700.901 Thread 0x00000197dfda0730 Unloading class 0x00000197814c1c00 'java/lang/invoke/LambdaForm$MH+0x00000197814c1c00'
Event: 8700.901 Thread 0x00000197dfda0730 Unloading class 0x00000197814ccc00 'java/lang/invoke/LambdaForm$MH+0x00000197814ccc00'
Event: 8700.901 Thread 0x00000197dfda0730 Unloading class 0x00000197818a8400 'java/lang/invoke/LambdaForm$MH+0x00000197818a8400'
Event: 8700.901 Thread 0x00000197dfda0730 Unloading class 0x00000197818b8000 'java/lang/invoke/LambdaForm$MH+0x00000197818b8000'
Event: 8700.901 Thread 0x00000197dfda0730 Unloading class 0x000001978194c800 'java/lang/invoke/LambdaForm$MH+0x000001978194c800'
Event: 8700.901 Thread 0x00000197dfda0730 Unloading class 0x000001978194e000 'java/lang/invoke/LambdaForm$MH+0x000001978194e000'
Event: 8700.901 Thread 0x00000197dfda0730 Unloading class 0x000001978194ec00 'java/lang/invoke/LambdaForm$MH+0x000001978194ec00'
Event: 8700.901 Thread 0x00000197dfda0730 Unloading class 0x0000019781951000 'java/lang/invoke/LambdaForm$MH+0x0000019781951000'
Event: 8700.901 Thread 0x00000197dfda0730 Unloading class 0x00000197819d4800 'java/lang/invoke/LambdaForm$MH+0x00000197819d4800'
Event: 8700.901 Thread 0x00000197dfda0730 Unloading class 0x00000197819d5400 'jdk/internal/reflect/GeneratedSerializationConstructorAccessor47'
Event: 8700.901 Thread 0x00000197dfda0730 Unloading class 0x00000197819d6c00 'java/lang/invoke/LambdaForm$MH+0x00000197819d6c00'
Event: 8700.901 Thread 0x00000197dfda0730 Unloading class 0x0000019781a0cc00 'jdk/internal/reflect/GeneratedSerializationConstructorAccessor45'
Event: 8700.901 Thread 0x00000197dfda0730 Unloading class 0x0000019781a14000 'jdk/internal/reflect/GeneratedSerializationConstructorAccessor44'
Event: 8700.901 Thread 0x00000197dfda0730 Unloading class 0x00000197811c0400 'jdk/internal/reflect/GeneratedSerializationConstructorAccessor20'

Classes redefined (0 events):
No events

Internal exceptions (20 events):
Event: 8705.339 Thread 0x00000197e7ef3390 Exception <a 'java/io/IOException'{0x0000000707372320}> (0x0000000707372320) 
thrown [s\open\src\hotspot\share\prims\jni.cpp, line 520]
Event: 8705.346 Thread 0x00000197e7ef3390 Exception <a 'java/io/IOException'{0x00000007073a5c90}> (0x00000007073a5c90) 
thrown [s\open\src\hotspot\share\prims\jni.cpp, line 520]
Event: 8705.346 Thread 0x00000197e7ef3390 Exception <a 'java/io/IOException'{0x00000007073a5fa8}> (0x00000007073a5fa8) 
thrown [s\open\src\hotspot\share\prims\jni.cpp, line 520]
Event: 8705.379 Thread 0x00000197e7ef3390 Exception <a 'java/io/IOException'{0x0000000706cb89f0}> (0x0000000706cb89f0) 
thrown [s\open\src\hotspot\share\prims\jni.cpp, line 520]
Event: 8705.379 Thread 0x00000197e7ef3390 Exception <a 'java/io/IOException'{0x0000000706cb9268}> (0x0000000706cb9268) 
thrown [s\open\src\hotspot\share\prims\jni.cpp, line 520]
Event: 8705.384 Thread 0x00000197e7ef3390 Exception <a 'java/io/IOException'{0x0000000706cdf780}> (0x0000000706cdf780) 
thrown [s\open\src\hotspot\share\prims\jni.cpp, line 520]
Event: 8705.384 Thread 0x00000197e7ef3390 Exception <a 'java/io/IOException'{0x0000000706cdfd48}> (0x0000000706cdfd48) 
thrown [s\open\src\hotspot\share\prims\jni.cpp, line 520]
Event: 8729.335 Thread 0x00000197e7ef6ea0 Exception <a 'java/io/IOException'{0x0000000706b81ba8}> (0x0000000706b81ba8) 
thrown [s\open\src\hotspot\share\prims\jni.cpp, line 520]
Event: 8729.335 Thread 0x00000197e7ef6ea0 Exception <a 'java/io/IOException'{0x0000000706b82170}> (0x0000000706b82170) 
thrown [s\open\src\hotspot\share\prims\jni.cpp, line 520]
Event: 8729.337 Thread 0x00000197e48b1e60 Exception <a 'java/io/IOException'{0x0000000706ba0b10}> (0x0000000706ba0b10) 
thrown [s\open\src\hotspot\share\prims\jni.cpp, line 520]
Event: 8729.337 Thread 0x00000197e48b1e60 Exception <a 'java/io/IOException'{0x0000000706ba10d8}> (0x0000000706ba10d8) 
thrown [s\open\src\hotspot\share\prims\jni.cpp, line 520]
Event: 8729.345 Thread 0x00000197e48b5970 Exception <a 'java/io/IOException'{0x0000000706bc4c78}> (0x0000000706bc4c78) 
thrown [s\open\src\hotspot\share\prims\jni.cpp, line 520]
Event: 8729.345 Thread 0x00000197e48b5970 Exception <a 'java/io/IOException'{0x0000000706bc4f90}> (0x0000000706bc4f90) 
thrown [s\open\src\hotspot\share\prims\jni.cpp, line 520]
Event: 8729.348 Thread 0x00000197e48b1e60 Exception <a 'java/io/IOException'{0x00000007068357b8}> (0x00000007068357b8) 
thrown [s\open\src\hotspot\share\prims\jni.cpp, line 520]
Event: 8729.348 Thread 0x00000197e48b1e60 Exception <a 'java/io/IOException'{0x0000000706835d80}> (0x0000000706835d80) 
thrown [s\open\src\hotspot\share\prims\jni.cpp, line 520]
Event: 8729.349 Thread 0x00000197e48b1e60 Exception <a 'java/io/IOException'{0x0000000706849538}> (0x0000000706849538) 
thrown [s\open\src\hotspot\share\prims\jni.cpp, line 520]
Event: 8729.349 Thread 0x00000197e48b1e60 Exception <a 'java/io/IOException'{0x0000000706849b00}> (0x0000000706849b00) 
thrown [s\open\src\hotspot\share\prims\jni.cpp, line 520]
Event: 8729.350 Thread 0x00000197e48b1e60 Exception <a 'java/io/IOException'{0x000000070684c1c8}> (0x000000070684c1c8) 
thrown [s\open\src\hotspot\share\prims\jni.cpp, line 520]
Event: 8729.351 Thread 0x00000197e48b1e60 Exception <a 'java/io/IOException'{0x000000070684c790}> (0x000000070684c790) 
thrown [s\open\src\hotspot\share\prims\jni.cpp, line 520]
Event: 8729.359 Thread 0x00000197e7ef2670 Exception <a 'java/lang/InterruptedException'{0x00000007068e4178}: sleep interrupted> (0x00000007068e4178) 
thrown [s\open\src\hotspot\share\prims\jvm.cpp, line 3074]

ZGC Phase Switch (0 events):
No events

VM Operations (20 events):
Event: 8703.879 Executing VM operation: G1CollectForAllocation (G1 Evacuation Pause) done
Event: 8704.139 Executing VM operation: G1CollectForAllocation (G1 Evacuation Pause)
Event: 8704.143 Executing VM operation: G1CollectForAllocation (G1 Evacuation Pause) done
Event: 8704.466 Executing VM operation: G1CollectForAllocation (G1 Evacuation Pause)
Event: 8704.469 Executing VM operation: G1CollectForAllocation (G1 Evacuation Pause) done
Event: 8704.491 Executing VM operation: G1PauseRemark
Event: 8704.506 Executing VM operation: G1PauseRemark done
Event: 8704.515 Executing VM operation: G1PauseCleanup
Event: 8704.515 Executing VM operation: G1PauseCleanup done
Event: 8704.683 Executing VM operation: G1CollectForAllocation (G1 Evacuation Pause)
Event: 8704.686 Executing VM operation: G1CollectForAllocation (G1 Evacuation Pause) done
Event: 8705.038 Executing VM operation: G1CollectForAllocation (G1 Evacuation Pause)
Event: 8705.042 Executing VM operation: G1CollectForAllocation (G1 Evacuation Pause) done
Event: 8706.056 Executing VM operation: Cleanup
Event: 8706.056 Executing VM operation: Cleanup done
Event: 8718.459 Executing VM operation: HandshakeAllThreads (HandshakeForDeflation)
Event: 8718.459 Executing VM operation: HandshakeAllThreads (HandshakeForDeflation) done
Event: 8718.459 Executing VM operation: RendezvousGCThreads
Event: 8718.459 Executing VM operation: RendezvousGCThreads done
Event: 8729.360 Executing VM operation: G1CollectFull (System.gc())

Events (20 events):
Event: 8729.337 Thread 0x00000197e48b5970 Thread added: 0x00000197e48b5970
Event: 8729.345 Thread 0x00000197e48b24f0 Thread exited: 0x00000197e48b24f0
Event: 8729.345 Thread 0x00000197e48b5970 Thread exited: 0x00000197e48b5970
Event: 8729.345 Thread 0x00000197e48b52e0 Thread exited: 0x00000197e48b52e0
Event: 8729.346 Thread 0x00000197e48b3210 Thread exited: 0x00000197e48b3210
Event: 8729.346 Thread 0x00000197e7ef3a20 Thread exited: 0x00000197e7ef3a20
Event: 8729.346 Thread 0x00000197e48b3f30 Thread exited: 0x00000197e48b3f30
Event: 8729.346 Thread 0x00000197e7ef5af0 Thread exited: 0x00000197e7ef5af0
Event: 8729.346 Thread 0x00000197e7ef88e0 Thread exited: 0x00000197e7ef88e0
Event: 8729.346 Thread 0x00000197e7ef7530 Thread exited: 0x00000197e7ef7530
Event: 8729.346 Thread 0x00000197e7ef7bc0 Thread exited: 0x00000197e7ef7bc0
Event: 8729.346 Thread 0x00000197e7ef8f70 Thread exited: 0x00000197e7ef8f70
Event: 8729.346 Thread 0x00000197e7ef8250 Thread exited: 0x00000197e7ef8250
Event: 8729.346 Thread 0x00000197e7ef4740 Thread exited: 0x00000197e7ef4740
Event: 8729.349 Thread 0x00000197e48b3210 Thread added: 0x00000197e48b3210
Event: 8729.349 Thread 0x00000197e7ef1fe0 Thread exited: 0x00000197e7ef1fe0
Event: 8729.350 Thread 0x00000197e48b3210 Thread exited: 0x00000197e48b3210
Event: 8729.359 Thread 0x00000197e7ef4dd0 Thread exited: 0x00000197e7ef4dd0
Event: 8729.359 Thread 0x00000197e7ef2d00 Thread exited: 0x00000197e7ef2d00
Event: 8729.359 Thread 0x00000197e7ef2670 Thread exited: 0x00000197e7ef2670


Dynamic libraries:
0x00007ff6f32a0000 - 0x00007ff6f32b0000 	C:\Program Files\Java\jdk-21\bin\java.exe
0x00007ffb433e0000 - 0x00007ffb43647000 	C:\WINDOWS\SYSTEM32\ntdll.dll
0x00007ffb2ffe0000 - 0x00007ffb30000000 	C:\Program Files\Avast Software\Avast\aswhook.dll
0x00007ffb42600000 - 0x00007ffb426c9000 	C:\WINDOWS\System32\KERNEL32.DLL
0x00007ffb40920000 - 0x00007ffb40d10000 	C:\WINDOWS\System32\KERNELBASE.dll
0x00007ffb41020000 - 0x00007ffb4116b000 	C:\WINDOWS\System32\ucrtbase.dll
0x00007ffb29110000 - 0x00007ffb29129000 	C:\Program Files\Java\jdk-21\bin\jli.dll
0x00007ffb42710000 - 0x00007ffb427c4000 	C:\WINDOWS\System32\ADVAPI32.dll
0x00007ffb41b40000 - 0x00007ffb41be9000 	C:\WINDOWS\System32\msvcrt.dll
0x00007ffb43090000 - 0x00007ffb43136000 	C:\WINDOWS\System32\sechost.dll
0x00007ffb427d0000 - 0x00007ffb428e8000 	C:\WINDOWS\System32\RPCRT4.dll
0x00007ffb429a0000 - 0x00007ffb42b65000 	C:\WINDOWS\System32\USER32.dll
0x00007ffb40ea0000 - 0x00007ffb40ec7000 	C:\WINDOWS\System32\win32u.dll
0x00007ffb43370000 - 0x00007ffb4339b000 	C:\WINDOWS\System32\GDI32.dll
0x00007ffb405a0000 - 0x00007ffb406d8000 	C:\WINDOWS\System32\gdi32full.dll
0x00007ffb40f70000 - 0x00007ffb41013000 	C:\WINDOWS\System32\msvcp_win.dll
0x00007ffb05030000 - 0x00007ffb0504b000 	C:\Program Files\Java\jdk-21\bin\VCRUNTIME140.dll
0x00007ffb2c310000 - 0x00007ffb2c5aa000 	C:\WINDOWS\WinSxS\amd64_microsoft.windows.common-controls_6595b64144ccf1df_6.0.26100.4768_none_3e0c112ce331287c\COMCTL32.dll
0x00007ffb318c0000 - 0x00007ffb318cb000 	C:\WINDOWS\SYSTEM32\VERSION.dll
0x00007ffb41e90000 - 0x00007ffb41ebf000 	C:\WINDOWS\System32\IMM32.DLL
0x00007ffb2b000000 - 0x00007ffb2b00c000 	C:\Program Files\Java\jdk-21\bin\vcruntime140_1.dll
0x00007ffa80020000 - 0x00007ffa800ae000 	C:\Program Files\Java\jdk-21\bin\msvcp140.dll
0x00007ffa5cc30000 - 0x00007ffa5d948000 	C:\Program Files\Java\jdk-21\bin\server\jvm.dll
0x00007ffb42260000 - 0x00007ffb422d4000 	C:\WINDOWS\System32\WS2_32.dll
0x00007ffb40370000 - 0x00007ffb403ce000 	C:\WINDOWS\SYSTEM32\POWRPROF.dll
0x00007ffb2e5e0000 - 0x00007ffb2e615000 	C:\WINDOWS\SYSTEM32\WINMM.dll
0x00007ffb40350000 - 0x00007ffb40364000 	C:\WINDOWS\SYSTEM32\UMPDC.dll
0x00007ffb3f290000 - 0x00007ffb3f2ab000 	C:\WINDOWS\SYSTEM32\kernel.appcore.dll
0x00007ffb290b0000 - 0x00007ffb290ba000 	C:\Program Files\Java\jdk-21\bin\jimage.dll
0x00007ffb3d640000 - 0x00007ffb3d881000 	C:\WINDOWS\SYSTEM32\DBGHELP.DLL
0x00007ffb41ed0000 - 0x00007ffb42255000 	C:\WINDOWS\System32\combase.dll
0x00007ffb43270000 - 0x00007ffb43350000 	C:\WINDOWS\System32\OLEAUT32.dll
0x00007ffb260c0000 - 0x00007ffb26103000 	C:\WINDOWS\SYSTEM32\dbgcore.DLL
0x00007ffb40ed0000 - 0x00007ffb40f69000 	C:\WINDOWS\System32\bcryptPrimitives.dll
0x00007ffb217e0000 - 0x00007ffb217ef000 	C:\Program Files\Java\jdk-21\bin\instrument.dll
0x00007ffaffe30000 - 0x00007ffaffe4f000 	C:\Program Files\Java\jdk-21\bin\java.dll
0x00007ffb413f0000 - 0x00007ffb41b3d000 	C:\WINDOWS\System32\SHELL32.dll
0x00007ffb40d20000 - 0x00007ffb40e93000 	C:\WINDOWS\System32\wintypes.dll
0x00007ffb3e0d0000 - 0x00007ffb3e92f000 	C:\WINDOWS\SYSTEM32\windows.storage.dll
0x00007ffb43140000 - 0x00007ffb43235000 	C:\WINDOWS\System32\SHCORE.dll
0x00007ffb41e20000 - 0x00007ffb41e8a000 	C:\WINDOWS\System32\shlwapi.dll
0x00007ffb40430000 - 0x00007ffb40459000 	C:\WINDOWS\SYSTEM32\profapi.dll
0x00007ffaffd00000 - 0x00007ffaffd18000 	C:\Program Files\Java\jdk-21\bin\zip.dll
0x00007ffb21be0000 - 0x00007ffb21bf0000 	C:\Program Files\Java\jdk-21\bin\net.dll
0x00007ffb33f10000 - 0x00007ffb3402e000 	C:\WINDOWS\SYSTEM32\WINHTTP.dll
0x00007ffb3f820000 - 0x00007ffb3f88b000 	C:\WINDOWS\system32\mswsock.dll
0x00007ffaffe10000 - 0x00007ffaffe26000 	C:\Program Files\Java\jdk-21\bin\nio.dll
0x00007ffaf41f0000 - 0x00007ffaf420a000 	C:\Program Files\JetBrains\IntelliJ IDEA 2024.3.1.1\bin\breakgen64.dll
0x00007ffb3ed30000 - 0x00007ffb3ee56000 	C:\WINDOWS\SYSTEM32\DNSAPI.dll
0x00007ffb3ec40000 - 0x00007ffb3ec73000 	C:\WINDOWS\SYSTEM32\IPHLPAPI.DLL
0x00007ffb43000000 - 0x00007ffb4300a000 	C:\WINDOWS\System32\NSI.dll
0x00007ffb34650000 - 0x00007ffb3465b000 	C:\Windows\System32\rasadhlp.dll
0x00007ffb32a20000 - 0x00007ffb32aa6000 	C:\WINDOWS\System32\fwpuclnt.dll
0x00007ffaf9af0000 - 0x00007ffaf9af9000 	C:\Program Files\Java\jdk-21\bin\extnet.dll
0x00007ffaf9ae0000 - 0x00007ffaf9aea000 	C:\Program Files\Java\jdk-21\bin\management.dll
0x00007ffaf9360000 - 0x00007ffaf936b000 	C:\Program Files\Java\jdk-21\bin\management_ext.dll
0x00007ffb43360000 - 0x00007ffb43368000 	C:\WINDOWS\System32\PSAPI.DLL
0x00007ffb3faf0000 - 0x00007ffb3fb0b000 	C:\WINDOWS\SYSTEM32\CRYPTSP.dll
0x00007ffb3f1d0000 - 0x00007ffb3f20b000 	C:\WINDOWS\system32\rsaenh.dll
0x00007ffb3f8c0000 - 0x00007ffb3f8eb000 	C:\WINDOWS\SYSTEM32\USERENV.dll
0x00007ffb40400000 - 0x00007ffb40426000 	C:\WINDOWS\SYSTEM32\bcrypt.dll
0x00007ffb3fae0000 - 0x00007ffb3faec000 	C:\WINDOWS\SYSTEM32\CRYPTBASE.dll
0x00007ffb1d000000 - 0x00007ffb1d018000 	C:\WINDOWS\system32\napinsp.dll
0x00007ffb1cf90000 - 0x00007ffb1cfa2000 	C:\WINDOWS\System32\winrnr.dll
0x00007ffb1ced0000 - 0x00007ffb1cf00000 	C:\WINDOWS\system32\nlansp_c.dll
0x00007ffb34550000 - 0x00007ffb34570000 	C:\WINDOWS\system32\wshbth.dll
0x00007ffb1c2f0000 - 0x00007ffb1c33e000 	C:\WINDOWS\SYSTEM32\pdh.dll
0x00007ffad19b0000 - 0x00007ffad19c2000 	C:\WINDOWS\System32\perfproc.dll
0x00007ffafa420000 - 0x00007ffafa42e000 	C:\Program Files\Java\jdk-21\bin\sunmscapi.dll
0x00007ffb406e0000 - 0x00007ffb40857000 	C:\WINDOWS\System32\CRYPT32.dll
0x00007ffb3fd00000 - 0x00007ffb3fd30000 	C:\WINDOWS\SYSTEM32\ncrypt.dll
0x00007ffb3fcb0000 - 0x00007ffb3fcef000 	C:\WINDOWS\SYSTEM32\NTASN1.dll
0x00007ffb3a4c0000 - 0x00007ffb3a4d0000 	C:\Program Files\Java\jdk-21\bin\verify.dll
0x00007ffab0040000 - 0x00007ffab0048000 	C:\WINDOWS\system32\wshunix.dll

dbghelp: loaded successfully - version: 4.0.5 - missing functions: none
symbol engine: initialized successfully - sym options: 0x614 - pdb path: .;C:\Program Files\Java\jdk-21\bin;C:\WINDOWS\SYSTEM32;C:\Program Files\Avast Software\Avast;C:\WINDOWS\WinSxS\amd64_microsoft.windows.common-controls_6595b64144ccf1df_6.0.26100.4768_none_3e0c112ce331287c;C:\Program Files\Java\jdk-21\bin\server;C:\Program Files\JetBrains\IntelliJ IDEA 2024.3.1.1\bin

VM Arguments:
jvm_args: -XX:TieredStopAtLevel=1 -Dspring.output.ansi.enabled=always -Dcom.sun.management.jmxremote -Dspring.jmx.enabled=true -Dspring.liveBeansView.mbeanDomain -Dspring.application.admin.enabled=true -Dmanagement.endpoints.jmx.exposure.include=* -javaagent:C:\Program Files\JetBrains\IntelliJ IDEA 2024.3.1.1\lib\idea_rt.jar=49235:C:\Program Files\JetBrains\IntelliJ IDEA 2024.3.1.1\bin -Dfile.encoding=UTF-8 -Dsun.stdout.encoding=UTF-8 -Dsun.stderr.encoding=UTF-8 
java_command: com.example.demo_store.DemoStoreApplication
java_class_path (initial): D:\java\demo-store\target\classes;C:\Users\Admin\.m2\repository\org\springframework\boot\spring-boot-starter-data-jpa\3.5.4\spring-boot-starter-data-jpa-3.5.4.jar;C:\Users\Admin\.m2\repository\org\springframework\boot\spring-boot-starter\3.5.4\spring-boot-starter-3.5.4.jar;C:\Users\Admin\.m2\repository\org\springframework\boot\spring-boot-starter-logging\3.5.4\spring-boot-starter-logging-3.5.4.jar;C:\Users\Admin\.m2\repository\ch\qos\logback\logback-classic\1.5.18\logback-classic-1.5.18.jar;C:\Users\Admin\.m2\repository\ch\qos\logback\logback-core\1.5.18\logback-core-1.5.18.jar;C:\Users\Admin\.m2\repository\org\apache\logging\log4j\log4j-to-slf4j\2.24.3\log4j-to-slf4j-2.24.3.jar;C:\Users\Admin\.m2\repository\org\apache\logging\log4j\log4j-api\2.24.3\log4j-api-2.24.3.jar;C:\Users\Admin\.m2\repository\org\slf4j\jul-to-slf4j\2.0.17\jul-to-slf4j-2.0.17.jar;C:\Users\Admin\.m2\repository\jakarta\annotation\jakarta.annotation-api\2.1.1\jakarta.annotation-api-2.1.1.jar;C:\Users\Admin\.m2\repository\org\yaml\snakeyaml\2.4\snakeyaml-2.4.jar;C:\Users\Admin\.m2\repository\org\springframework\boot\spring-boot-starter-jdbc\3.5.4\spring-boot-starter-jdbc-3.5.4.jar;C:\Users\Admin\.m2\repository\com\zaxxer\HikariCP\6.3.1\HikariCP-6.3.1.jar;C:\Users\Admin\.m2\repository\org\springframework\spring-jdbc\6.2.9\spring-jdbc-6.2.9.jar;C:\Users\Admin\.m2\repository\org\hibernate\orm\hibernate-core\6.6.22.Final\hibernate-core-6.6.22.Final.jar;C:\Users\Admin\.m2\repository\jakarta\persistence\jakarta.persistence-api\3.1.0\jakarta.persistence-api-3.1.0.jar;C:\Users\Admin\.m2\repository\jakarta\transaction\jakarta.transaction-api\2.0.1\jakarta.transaction-api-2.0.1.jar;C:\Users\Admin\.m2\repository\org\jboss\logging\jboss-logging\3.6.1.Final\jboss-logging-3.6.1.Final.jar;C:\Users\Admin\.m2\repository\org\hibernate\common\hibernate-commons-annotations\7.0.3.Final\hibernate-commons-annotations-7.0.3.Final.jar;C:\Users\Admin\.m2\repository\io\smallrye\jandex\3.2.0\jandex-3.2.0.jar;C:\Users\Admin\.m2\repository\com\fasterxml\classmate\1.7.0\classmate-1.7.0.jar;C:\Users\Admin\.m2\repository\net\bytebuddy\byte-buddy\1.17.6\byte-buddy-1.17.6.jar;C:\Users\Admin\.m2\repository\org\glassfish\jaxb\jaxb-runtime\4.0.5\jaxb-runtime-4.0.5.jar;C:\Users\Admin\.m2\repository\org\glassfish\jaxb\jaxb-core\4.0.5\jaxb-core-4.0.5.jar;C:\Users\Admin\.m2\repository\org\eclipse\angus\angus-activation\2.0.2\angus-activation-2.0.2.jar;C:\Users\Admin\.m2\repository\org\glassfish\jaxb\txw2\4.0.5\txw2-4.0.5.jar;C:\Users\Admin\.m2\repository\com\sun\istack\istack-commons-runtime\4.1.2\istack-commons-runtime-4.1.2.jar;C:\Users\Admin\.m2\repository\jakarta\inject\jakarta.inject-api\2.0.1\jakarta.inject-api-2.0.1.jar;C:\Users\Admin\.m2\repository\org\antlr\antlr4-runtime\4.13.0\antlr4-runtime-4.13.0.jar;C:\Users\Admin\.m2\repository\org\springframework\data\spring-data-jpa\3.5.2\spring-data-jpa-3.5.2.jar;C:\Users\Admin\.m2\repository\org\springframework\data\spring-data-commons\3.5.2\spring-data-commons-3.5.2.jar;C:\Users\Admin\.m2\repository\org\springframework\spring-orm\6.2.9\spring-orm-6.2.9.jar;C:\Users\Admin\.m2\repository\org\springframework\spring-context\6.2.9\spring-context-6.2.9.jar;C:\Users\Admin\.m2\repository\org\springframework\spring-tx\6.2.9\spring-tx-6.2.9.jar;C:\Users\Admin\.m2\repository\org\springframework\spring-beans\6.2.9\spring-beans-6.2.9.jar;C:\Users\Admin\.m2\repository\org\slf4j\slf4j-api\2.0.17\slf4j-api-2.0.17.jar;C:\Users\Admin\.m2\repository\org\springframework\spring-aspects\6.2.9\spring-aspects-6.2.9.jar;C:\Users\Admin\.m2\repository\org\aspectj\aspectjweaver\1.9.24\aspectjweaver-1.9.24.jar;C:\Users\Admin\.m2\repository\org\springframework\boot\spring-boot-starter-web\3.5.4\spring-boot-starter-web-3.5.4.jar;C:\Users\Admin\.m2\repository\org\springframework\boot\spring-boot-starter-json\3.5.4\spring-boot-starter-json-3.5.4.jar;C:\Users\Admin\.m2\repository\com\fasterxml\jackson\core\jackson-databind\2.19.2\jackson-databind-2.19.2.jar;C:\Users\Admin\.m2\repository\com\fasterxml\jackson\core\jackson-annotations\2.19.2\jackson-annotations-2.19.2.jar;C:\Users\Admin\.m2\repository\com\fasterxml\jackson\core\jackson-core\2.19.2\jackson-core-2.19.2.jar;C:\Users\Admin\.m2\repository\com\fasterxml\jackson\datatype\jackson-datatype-jdk8\2.19.2\jackson-datatype-jdk8-2.19.2.jar;C:\Users\Admin\.m2\repository\com\fasterxml\jackson\datatype\jackson-datatype-jsr310\2.19.2\jackson-datatype-jsr310-2.19.2.jar;C:\Users\Admin\.m2\repository\com\fasterxml\jackson\module\jackson-module-parameter-names\2.19.2\jackson-module-parameter-names-2.19.2.jar;C:\Users\Admin\.m2\repository\org\springframework\boot\spring-boot-starter-tomcat\3.5.4\spring-boot-starter-tomcat-3.5.4.jar;C:\Users\Admin\.m2\repository\org\apache\tomcat\embed\tomcat-embed-core\10.1.43\tomcat-embed-core-10.1.43.jar;C:\Users\Admin\.m2\repository\org\apache\tomcat\embed\tomcat-embed-el\10.1.43\tomcat-embed-el-10.1.43.jar;C:\Users\Admin\.m2\repository\org\apache\tomcat\embed\tomcat-embed-websocket\10.1.43\tomcat-embed-websocket-10.1.43.jar;C:\Users\Admin\.m2\repository\org\springframework\spring-web\6.2.9\spring-web-6.2.9.jar;C:\Users\Admin\.m2\repository\org\springframework\spring-webmvc\6.2.9\spring-webmvc-6.2.9.jar;C:\Users\Admin\.m2\repository\org\springframework\spring-expression\6.2.9\spring-expression-6.2.9.jar;C:\Users\Admin\.m2\repository\org\springframework\boot\spring-boot-devtools\3.5.4\spring-boot-devtools-3.5.4.jar;C:\Users\Admin\.m2\repository\org\springframework\boot\spring-boot\3.5.4\spring-boot-3.5.4.jar;C:\Users\Admin\.m2\repository\org\springframework\boot\spring-boot-autoconfigure\3.5.4\spring-boot-autoconfigure-3.5.4.jar;C:\Users\Admin\.m2\repository\com\mysql\mysql-connector-j\9.3.0\mysql-connector-j-9.3.0.jar;C:\Users\Admin\.m2\repository\org\projectlombok\lombok\1.18.38\lombok-1.18.38.jar;C:\Users\Admin\.m2\repository\org\springframework\boot\spring-boot-starter-hateoas\3.5.4\spring-boot-starter-hateoas-3.5.4.jar;C:\Users\Admin\.m2\repository\org\springframework\hateoas\spring-hateoas\2.5.1\spring-hateoas-2.5.1.jar;C:\Users\Admin\.m2\repository\org\springframework\plugin\spring-plugin-core\3.0.0\spring-plugin-core-3.0.0.jar;C:\Users\Admin\.m2\repository\com\jayway\jsonpath\json-path\2.9.0\json-path-2.9.0.jar;C:\Users\Admin\.m2\repository\jakarta\xml\bind\jakarta.xml.bind-api\4.0.2\jakarta.xml.bind-api-4.0.2.jar;C:\Users\Admin\.m2\repository\jakarta\activation\jakarta.activation-api\2.1.3\jakarta.activation-api-2.1.3.jar;C:\Users\Admin\.m2\repository\net\minidev\json-smart\2.5.2\json-smart-2.5.2.jar;C:\Users\Admin\.m2\repository\net\minidev\accessors-smart\2.5.2\accessors-smart-2.5.2.jar;C:\Users\Admin\.m2\repository\org\ow2\asm\asm\9.7.1\asm-9.7.1.jar;C:\Users\Admin\.m2\repository\org\springframework\spring-core\6.2.9\spring-core-6.2.9.jar;C:\Users\Admin\.m2\repository\org\springframework\spring-jcl\6.2.9\spring-jcl-6.2.9.jar;C:\Users\Admin\.m2\repository\org\springframework\boot\spring-boot-starter-security\3.5.4\spring-boot-starter-security-3.5.4.jar;C:\Users\Admin\.m2\repository\org\springframework\spring-aop\6.2.9\spring-aop-6.2.9.jar;C:\Users\Admin\.m2\repository\org\springframework\security\spring-security-config\6.5.2\spring-security-config-6.5.2.jar;C:\Users\Admin\.m2\repository\org\springframework\security\spring-security-core\6.5.2\spring-security-core-6.5.2.jar;C:\Users\Admin\.m2\repository\org\springframework\security\spring-security-crypto\6.5.2\spring-security-crypto-6.5.2.jar;C:\Users\Admin\.m2\repository\org\springframework\security\spring-security-web\6.5.2\spring-security-web-6.5.2.jar;C:\Users\Admin\.m2\repository\org\springframework\boot\spring-boot-starter-actuator\3.5.4\spring-boot-starter-actuator-3.5.4.jar;C:\Users\Admin\.m2\repository\org\springframework\boot\spring-boot-actuator-autoconfigure\3.5.4\spring-boot-actuator-autoconfigure-3.5.4.jar;C:\Users\Admin\.m2\repository\org\springframework\boot\spring-boot-actuator\3.5.4\spring-boot-actuator-3.5.4.jar;C:\Users\Admin\.m2\repository\io\micrometer\micrometer-observation\1.15.2\micrometer-observation-1.15.2.jar;C:\Users\Admin\.m2\repository\io\micrometer\micrometer-commons\1.15.2\micrometer-commons-1.15.2.jar;C:\Users\Admin\.m2\repository\io\micrometer\micrometer-jakarta9\1.15.2\micrometer-jakarta9-1.15.2.jar;C:\Users\Admin\.m2\repository\io\micrometer\micrometer-core\1.15.2\micrometer-core-1.15.2.jar;C:\Users\Admin\.m2\repository\org\hdrhistogram\HdrHistogram\2.2.2\HdrHistogram-2.2.2.jar;C:\Users\Admin\.m2\repository\org\latencyutils\LatencyUtils\2.0.3\LatencyUtils-2.0.3.jar
Launcher Type: SUN_STANDARD

[Global flags]
     intx CICompilerCount                          = 4                                         {product} {ergonomic}
     uint ConcGCThreads                            = 3                                         {product} {ergonomic}
     uint G1ConcRefinementThreads                  = 10                                        {product} {ergonomic}
   size_t G1HeapRegionSize                         = 2097152                                   {product} {ergonomic}
    uintx GCDrainStackTargetSize                   = 64                                        {product} {ergonomic}
   size_t InitialHeapSize                          = 266338304                                 {product} {ergonomic}
     bool ManagementServer                         = true                                      {product} {command line}
   size_t MarkStackSize                            = 4194304                                   {product} {ergonomic}
   size_t MaxHeapSize                              = 4257218560                                {product} {ergonomic}
   size_t MaxNewSize                               = 2554331136                                {product} {ergonomic}
   size_t MinHeapDeltaBytes                        = 2097152                                   {product} {ergonomic}
   size_t MinHeapSize                              = 8388608                                   {product} {ergonomic}
    uintx NonNMethodCodeHeapSize                   = 4096                                   {pd product} {ergonomic}
    uintx NonProfiledCodeHeapSize                  = 0                                      {pd product} {ergonomic}
     bool ProfileInterpreter                       = false                                  {pd product} {command line}
    uintx ProfiledCodeHeapSize                     = 0                                      {pd product} {ergonomic}
   size_t SoftMaxHeapSize                          = 4257218560                             {manageable} {ergonomic}
     intx TieredStopAtLevel                        = 1                                         {product} {command line}
     bool UseCompressedOops                        = true                           {product lp64_product} {ergonomic}
     bool UseG1GC                                  = true                                      {product} {ergonomic}
     bool UseLargePagesIndividualAllocation        = false                                  {pd product} {ergonomic}

Logging:
Log output configuration:
 #0: stdout all=warning uptime,level,tags foldmultilines=false
 #1: stderr all=off uptime,level,tags foldmultilines=false

Environment Variables:
JAVA_HOME=C:\Program Files\Java\jdk-21
CLASSPATH=%CLASSPATH%;C:\opencv\build\java\opencv-455.jar
PATH=C:\Program Files\Common Files\Oracle\Java\javapath;C:\WINDOWS\system32;C:\WINDOWS;C:\WINDOWS\System32\Wbem;C:\WINDOWS\System32\WindowsPowerShell\v1.0\;C:\WINDOWS\System32\OpenSSH\;C:\Program Files\Git\cmd;C:\Program Files\Java\jdk-21\bin;C:\Program Files\TortoiseSVN\bin;C:\Program Files\Microsoft SQL Server\Client SDK\ODBC\170\Tools\Binn\;C:\Program Files (x86)\Microsoft SQL Server\150\Tools\Binn\;C:\Program Files\Microsoft SQL Server\150\Tools\Binn\;C:\Program Files\Microsoft SQL Server\150\DTS\Binn\;C:\Program Files (x86)\Microsoft SQL Server\150\DTS\Binn\;C:\Program Files\Azure Data Studio\bin;C:\apache-maven-3.9.9\bin;C:\apache-maven-3.9.9\bin;C:\Program Files\Intel\WiFi\bin\;C:\Program Files\Common Files\Intel\WirelessCommon\;C:\Program Files\Microsoft SQL Server\130\Tools\Binn\;C:\Users\Admin\AppData\Roaming\nvm;C:\Program Files\nodejs;C:\Program Files\dotnet\;C:\apache-tomcat-9.0.97\bin;C:\Program Files\Java\jdk-21\bin;C:\Users\Admin\AppData\Local\Programs\Microsoft VS Code\bin;C:\Program Files\Docker\Docker\resources\bin;C:\opencv\build\x64\vc15\bin;c:\Users\Admin\AppData\Local\Programs\Trae\bin;C:\Users\Admin\AppData\Local\Microsoft\WindowsApps;C:\Program Files\Azure Data Studio\bin;C:\Users\Admin\AppData\Roaming\npm;C:\Program Files\Intel\WiFi\bin\;C:\Program Files\Common Files\Intel\WirelessCommon\;C:\Users\Admin\AppData\Roaming\nvm;C:\Program Files\nodejs;;C:\Program Files\JetBrains\IntelliJ IDEA 2024.3.1.1\bin;;C:\Users\Admin\AppData\Local\Programs\Microsoft VS Code\bin
USERNAME=Admin
OS=Windows_NT
PROCESSOR_IDENTIFIER=Intel64 Family 6 Model 158 Stepping 10, GenuineIntel
TMP=C:\Users\Admin\AppData\Local\Temp
TEMP=C:\Users\Admin\AppData\Local\Temp




Periodic native trim disabled

---------------  S Y S T E M  ---------------

OS:
 Windows 11 , 64 bit Build 26100 (10.0.26100.4768)
OS uptime: 1 days 2:42 hours
Hyper-V role detected

CPU: total 12 (initial active 12) (6 cores per cpu, 2 threads per core) family 6 model 158 stepping 10 microcode 0xde, cx8, cmov, fxsr, ht, mmx, 3dnowpref, sse, sse2, sse3, ssse3, sse4.1, sse4.2, popcnt, lzcnt, tsc, tscinvbit, avx, avx2, aes, erms, clmul, bmi1, bmi2, adx, fma, vzeroupper, clflush, clflushopt, hv, rdtscp, f16c
Processor Information for all 12 processors :
  Max Mhz: 2208, Current Mhz: 2208, Mhz Limit: 2208

Memory: 4k page, system-wide physical 16234M (2826M free)
TotalPageFile size 18282M (AvailPageFile size 0M)
current process WorkingSet (physical memory assigned to process): 280M, peak: 281M
current process commit charge ("private bytes"): 338M, peak: 389M

vm_info: Java HotSpot(TM) 64-Bit Server VM (21.0.5+9-LTS-239) for windows-amd64 JRE (21.0.5+9-LTS-239), built on 2024-09-30T05:17:38Z by "mach5one" with MS VC++ 17.6 (VS2022)

END.
